This is LuaTeX, Version beta-0.79.1 (TeX Live 2014/MacPorts 2014_3) (rev 4971)  (format=lualatex 2014.9.7)  2 JAN 2015 19:00
 restricted \write18 enabled.
**source/supplement.tex
(./source/supplement.tex
LaTeX2e <2014/05/01>
Babel <3.9k> and hyphenation patterns for 2 languages loaded.
(/opt/local/share/texmf-texlive/tex/latex/base/article.cls
Document Class: article 2007/10/19 v1.4h Standard LaTeX document class
(/opt/local/share/texmf-texlive/tex/latex/base/size11.clo
File: size11.clo 2007/10/19 v1.4h Standard LaTeX file (size option)
)
\c@part=\count79
\c@section=\count80
\c@subsection=\count81
\c@subsubsection=\count82
\c@paragraph=\count83
\c@subparagraph=\count84
\c@figure=\count85
\c@table=\count86
\abovecaptionskip=\skip41
\belowcaptionskip=\skip42
\bibindent=\dimen102
)
(/opt/local/share/texmf-texlive/tex/latex/hyperref/hyperref.sty
Package: hyperref 2012/11/06 v6.83m Hypertext links for LaTeX

(/opt/local/share/texmf-texlive/tex/generic/oberdiek/hobsub-hyperref.sty
Package: hobsub-hyperref 2012/05/28 v1.13 Bundle oberdiek, subset hyperref (HO)

(/opt/local/share/texmf-texlive/tex/generic/oberdiek/hobsub-generic.sty
Package: hobsub-generic 2012/05/28 v1.13 Bundle oberdiek, subset generic (HO)
Package: hobsub 2012/05/28 v1.13 Construct package bundles (HO)
Package: infwarerr 2010/04/08 v1.3 Providing info/warning/error messages (HO)
Package: ltxcmds 2011/11/09 v1.22 LaTeX kernel commands for general use (HO)
Package: ifluatex 2010/03/01 v1.3 Provides the ifluatex switch (HO)
Package ifluatex Info: LuaTeX detected.
Package: ifvtex 2010/03/01 v1.5 Detect VTeX and its facilities (HO)
Package ifvtex Info: VTeX not detected.
Package: intcalc 2007/09/27 v1.1 Expandable calculations with integers (HO)
Package: ifpdf 2011/01/30 v2.3 Provides the ifpdf switch (HO)
Package ifpdf Info: pdfTeX in PDF mode is detected.
Package: etexcmds 2011/02/16 v1.5 Avoid name clashes with e-TeX commands (HO)
Package: kvsetkeys 2012/04/25 v1.16 Key value parser (HO)
Package: kvdefinekeys 2011/04/07 v1.3 Define keys (HO)
Package: luatex-loader 2010/03/09 v0.4 Lua module loader (HO)

(/opt/local/share/texmf-texlive/scripts/oberdiek/oberdiek.luatex.lua)
Package: pdftexcmds 2011/11/29 v0.20 Utility functions of pdfTeX for LuaTeX (HO)

Package pdftexcmds Info: \pdf@primitive is available.
Package pdftexcmds Info: \pdf@ifprimitive is available.
Package pdftexcmds Info: \pdfdraftmode found.
\pdftexcmds@toks=\toks14
Package: pdfescape 2011/11/25 v1.13 Implements pdfTeX's escape features (HO)
Package: bigintcalc 2012/04/08 v1.3 Expandable calculations on big integers (HO)

Package: bitset 2011/01/30 v1.1 Handle bit-vector datatype (HO)
Package: uniquecounter 2011/01/30 v1.2 Provide unlimited unique counter (HO)
)
Package hobsub Info: Skipping package `hobsub' (already loaded).
Package: letltxmacro 2010/09/02 v1.4 Let assignment for LaTeX macros (HO)
Package: hopatch 2012/05/28 v1.2 Wrapper for package hooks (HO)
Package: xcolor-patch 2011/01/30 xcolor patch
Package: atveryend 2011/06/30 v1.8 Hooks at the very end of document (HO)
Package atveryend Info: \enddocument detected (standard20110627).
Package: atbegshi 2011/10/05 v1.16 At begin shipout hook (HO)
Package: refcount 2011/10/16 v3.4 Data extraction from label references (HO)
Package: hycolor 2011/01/30 v1.7 Color options for hyperref/bookmark (HO)
)
(/opt/local/share/texmf-texlive/tex/latex/graphics/keyval.sty
Package: keyval 2014/05/08 v1.15 key=value parser (DPC)
\KV@toks@=\toks15
)
(/opt/local/share/texmf-texlive/tex/generic/ifxetex/ifxetex.sty
Package: ifxetex 2010/09/12 v0.6 Provides ifxetex conditional
)
(/opt/local/share/texmf-texlive/tex/latex/oberdiek/auxhook.sty
Package: auxhook 2011/03/04 v1.3 Hooks for auxiliary files (HO)
)
(/opt/local/share/texmf-texlive/tex/latex/oberdiek/kvoptions.sty
Package: kvoptions 2011/06/30 v3.11 Key value format for package options (HO)
)
\@linkdim=\dimen103
\Hy@linkcounter=\count87
\Hy@pagecounter=\count88

(/opt/local/share/texmf-texlive/tex/latex/hyperref/pd1enc.def
File: pd1enc.def 2012/11/06 v6.83m Hyperref: PDFDocEncoding definition (HO)
)
\Hy@SavedSpaceFactor=\count89

(/opt/local/share/texmf-texlive/tex/latex/latexconfig/hyperref.cfg
File: hyperref.cfg 2002/06/06 v1.2 hyperref configuration of TeXLive
)
Package hyperref Info: Hyper figures OFF on input line 4443.
Package hyperref Info: Link nesting OFF on input line 4448.
Package hyperref Info: Hyper index ON on input line 4451.
Package hyperref Info: Plain pages OFF on input line 4458.
Package hyperref Info: Backreferencing OFF on input line 4463.
Package hyperref Info: Implicit mode ON; LaTeX internals redefined.
Package hyperref Info: Bookmarks ON on input line 4688.
\c@Hy@tempcnt=\count90

(/opt/local/share/texmf-texlive/tex/latex/url/url.sty
\Urlmuskip=\muskip10
Package: url 2013/09/16  ver 3.4  Verb mode for urls, etc.
)
LaTeX Info: Redefining \url on input line 5041.
\XeTeXLinkMargin=\dimen104
\Fld@menulength=\count91
\Field@Width=\dimen105
\Fld@charsize=\dimen106
Package hyperref Info: Hyper figures OFF on input line 6295.
Package hyperref Info: Link nesting OFF on input line 6300.
Package hyperref Info: Hyper index ON on input line 6303.
Package hyperref Info: backreferencing OFF on input line 6310.
Package hyperref Info: Link coloring OFF on input line 6315.
Package hyperref Info: Link coloring with OCG OFF on input line 6320.
Package hyperref Info: PDF/A mode OFF on input line 6325.
LaTeX Info: Redefining \ref on input line 6365.
LaTeX Info: Redefining \pageref on input line 6369.
\Hy@abspage=\count92
\c@Item=\count93
\c@Hfootnote=\count94
)

Package hyperref Message: Driver (autodetected): hpdftex.

(/opt/local/share/texmf-texlive/tex/latex/hyperref/hpdftex.def
File: hpdftex.def 2012/11/06 v6.83m Hyperref driver for pdfTeX
\Fld@listcount=\count95
\c@bookmark@seq@number=\count96

(/opt/local/share/texmf-texlive/tex/latex/oberdiek/rerunfilecheck.sty
Package: rerunfilecheck 2011/04/15 v1.7 Rerun checks for auxiliary files (HO)
Package uniquecounter Info: New unique counter `rerunfilecheck' on input line 28
2.
)
\Hy@SectionHShift=\skip43
)
(/Users/aditya/Library/texmf/tex/latex/microtype/microtype.sty
Package: microtype 2011/08/18 v2.5 <beta-07> Micro-typographical refinements (RS
)
\MT@toks=\toks16
\MT@count=\count97
LaTeX Info: Redefining \textls on input line 766.
\MT@outer@kern=\dimen107
LaTeX Info: Redefining \textmicrotypecontext on input line 1284.
\MT@listname@count=\count98

(/Users/aditya/Library/texmf/tex/latex/microtype/microtype-luatex.def
File: microtype-luatex.def 2011/08/18 v2.5 <beta-07> Definitions specific to lua
tex (RS)
LaTeX Info: Redefining \lsstyle on input line 613.
LaTeX Info: Redefining \lslig on input line 613.
\MT@outer@space=\skip44
)
Package microtype Info: Loading configuration file microtype.cfg.

(/Users/aditya/Library/texmf/tex/latex/microtype/microtype.cfg
File: microtype.cfg 2011/08/18 v2.5 <beta-07> microtype main configuration file 
(RS)
))
(/opt/local/share/texmf-texlive/tex/latex/fontspec/fontspec.sty
Package: fontspec 2013/05/20 v2.3c Font selection for XeLaTeX and LuaLaTeX

(/opt/local/share/texmf-texlive/tex/latex/l3kernel/expl3.sty
Package: expl3 2014/05/20 v4814 L3 programming layer (loader) 

(/opt/local/share/texmf-texlive/tex/latex/l3kernel/expl3-code.tex
Package: expl3 2014/05/20 v4814 L3 programming layer (code) 
L3 Module: l3bootstrap 2014/05/16 v4782 L3 Bootstrap code

(/opt/local/share/texmf-texlive/tex/latex/etex-pkg/etex.sty
Package: etex 1998/03/26 v2.0 eTeX basic definition package (PEB)
\et@xins=\count99
)
(/opt/local/share/texmf-texlive/tex/generic/oberdiek/luatex.sty
Package: luatex 2010/03/09 v0.4 LuaTeX basic definition package (HO)
\LuT@AllocAttribute=\count277
\LuT@AllocCatcodeTable=\count278
\CatcodeTableStack=\count279
\CatcodeTableIniTeX=\catcodetable1
\CatcodeTableString=\catcodetable3
\CatcodeTableOther=\catcodetable5
\CatcodeTableLaTeX=\catcodetable7
)
L3 Module: l3names 2014/05/04 v4728 L3 Namespace for primitives
L3 Module: l3basics 2014/05/04 v4728 L3 Basic definitions
L3 Module: l3expan 2014/04/30 v4712 L3 Argument expansion
L3 Module: l3tl 2014/05/04 v4728 L3 Token lists
L3 Module: l3seq 2014/04/30 v4712 L3 Sequences and stacks
L3 Module: l3int 2014/05/16 v4776 L3 Integers
\c_max_int=\count280
\l_tmpa_int=\count281
\l_tmpb_int=\count282
\g_tmpa_int=\count283
\g_tmpb_int=\count284
L3 Module: l3quark 2014/05/04 v4728 L3 Quarks
L3 Module: l3prg 2014/05/04 v4728 L3 Control structures
\g__prg_map_int=\count285
L3 Module: l3clist 2014/05/04 v4728 L3 Comma separated lists
L3 Module: l3token 2014/05/04 v4728 L3 Experimental token manipulation
L3 Module: l3prop 2014/04/30 v4712 L3 Property lists
L3 Module: l3msg 2014/05/04 v4728 L3 Messages
L3 Module: l3file 2014/05/05 v4737 L3 File and I/O operations
\l_iow_line_count_int=\count286
\l__iow_target_count_int=\count287
\l__iow_current_line_int=\count288
\l__iow_current_word_int=\count289
\l__iow_current_indentation_int=\count290
L3 Module: l3skip 2014/05/05 v4738 L3 Dimensions and skips
\c_zero_dim=\dimen256
\c_max_dim=\dimen257
\l_tmpa_dim=\dimen258
\l_tmpb_dim=\dimen259
\g_tmpa_dim=\dimen260
\g_tmpb_dim=\dimen261
\c_zero_skip=\skip256
\c_max_skip=\skip257
\l_tmpa_skip=\skip258
\l_tmpb_skip=\skip259
\g_tmpa_skip=\skip260
\g_tmpb_skip=\skip261
\c_zero_muskip=\muskip11
\c_max_muskip=\muskip12
\l_tmpa_muskip=\muskip13
\l_tmpb_muskip=\muskip14
\g_tmpa_muskip=\muskip15
\g_tmpb_muskip=\muskip16
L3 Module: l3keys 2014/05/08 v4753 L3 Key-value interfaces
\g__keyval_level_int=\count291
\l_keys_choice_int=\count292
L3 Module: l3fp 2014/04/30 v4712 L3 Floating points
\c__fp_leading_shift_int=\count293
\c__fp_middle_shift_int=\count294
\c__fp_trailing_shift_int=\count295
\c__fp_big_leading_shift_int=\count296
\c__fp_big_middle_shift_int=\count297
\c__fp_big_trailing_shift_int=\count298
\c__fp_Bigg_leading_shift_int=\count299
\c__fp_Bigg_middle_shift_int=\count300
\c__fp_Bigg_trailing_shift_int=\count301
L3 Module: l3box 2014/05/04 v4728 L3 Experimental boxes
\c_empty_box=\box256
\l_tmpa_box=\box257
\l_tmpb_box=\box258
\g_tmpa_box=\box259
\g_tmpb_box=\box260
L3 Module: l3coffins 2014/05/04 v4728 L3 Coffin code layer
\l__coffin_internal_box=\box261
\l__coffin_internal_dim=\dimen262
\l__coffin_offset_x_dim=\dimen263
\l__coffin_offset_y_dim=\dimen264
\l__coffin_x_dim=\dimen265
\l__coffin_y_dim=\dimen266
\l__coffin_x_prime_dim=\dimen267
\l__coffin_y_prime_dim=\dimen268
\c_empty_coffin=\box262
\l__coffin_aligned_coffin=\box263
\l__coffin_aligned_internal_coffin=\box264
\l_tmpa_coffin=\box265
\l_tmpb_coffin=\box266
\l__coffin_display_coffin=\box267
\l__coffin_display_coord_coffin=\box268
\l__coffin_display_pole_coffin=\box269
\l__coffin_display_offset_dim=\dimen269
\l__coffin_display_x_dim=\dimen270
\l__coffin_display_y_dim=\dimen271
L3 Module: l3color 2014/04/30 v4712 L3 Experimental color support
L3 Module: l3luatex 2014/04/30 v4712 L3 Experimental LuaTeX-specific functions
\g__cctab_allocate_int=\count302
\g__cctab_stack_int=\count303
\c_code_cctab=\catcodetable9
L3 Module: l3candidates 2014/05/04 v4734 L3 Experimental additions to l3kernel
\l__box_top_dim=\dimen272
\l__box_bottom_dim=\dimen273
\l__box_left_dim=\dimen274
\l__box_right_dim=\dimen275
\l__box_top_new_dim=\dimen276
\l__box_bottom_new_dim=\dimen277
\l__box_left_new_dim=\dimen278
\l__box_right_new_dim=\dimen279
\l__box_internal_box=\box270
\l__coffin_bounding_shift_dim=\dimen280
\l__coffin_left_corner_dim=\dimen281
\l__coffin_right_corner_dim=\dimen282
\l__coffin_bottom_corner_dim=\dimen283
\l__coffin_top_corner_dim=\dimen284
\l__coffin_scaled_total_height_dim=\dimen285
\l__coffin_scaled_width_dim=\dimen286
))
(/opt/local/share/texmf-texlive/tex/latex/l3packages/xparse/xparse.sty
Package: xparse 2014/05/05 v4740 L3 Experimental document command parser
\l__xparse_current_arg_int=\count304
\l__xparse_m_args_int=\count305
\l__xparse_mandatory_args_int=\count306
\l__xparse_processor_int=\count307
\l__xparse_v_nesting_int=\count308
)
(/opt/local/share/texmf-texlive/tex/luatex/luaotfload/luaotfload.sty
Package: luaotfload 2014/05/18 v2.4-4 OpenType layout system

(/opt/local/share/texmf-texlive/tex/luatex/luatexbase/luatexbase.sty
Package: luatexbase 2013/05/11 v0.6 Resource management for the LuaTeX macro pro
grammer

(/opt/local/share/texmf-texlive/tex/luatex/luatexbase/luatexbase-compat.sty
Package: luatexbase-compat 2011/05/24 v0.4 Compatibility tools for LuaTeX
)
(/opt/local/share/texmf-texlive/tex/luatex/luatexbase/luatexbase-modutils.sty
Package: luatexbase-modutils 2013/05/11 v0.6 Module utilities for LuaTeX

(/opt/local/share/texmf-texlive/tex/luatex/luatexbase/luatexbase-loader.sty
Package: luatexbase-loader 2013/05/11 v0.6 Lua module loader for LuaTeX

(/opt/local/share/texmf-texlive/tex/luatex/luatexbase/luatexbase.loader.lua))
(/opt/local/share/texmf-texlive/tex/luatex/luatexbase/modutils.lua)
Lua module: luatexbase-modutils 2013/05/11 0.6 Module utilities for LuaTeX
)
(/opt/local/share/texmf-texlive/tex/luatex/luatexbase/luatexbase-regs.sty
Package: luatexbase-regs 2011/05/24 v0.4 Registers allocation for LuaTeX
)
(/opt/local/share/texmf-texlive/tex/luatex/luatexbase/luatexbase-attr.sty
Package: luatexbase-attr 2013/05/11 v0.6 Attributes allocation for LuaTeX

(/opt/local/share/texmf-texlive/tex/luatex/luatexbase/attr.lua)
Lua module: luatexbase-attr 2013/05/11 0.6 Attributes allocation for LuaTeX
\lltxb@attr@unsetvalue=\count309
)
(/opt/local/share/texmf-texlive/tex/luatex/luatexbase/luatexbase-cctb.sty
Package: luatexbase-cctb 2013/05/11 v0.6 Catcodetable allocation for LuaTeX

(/opt/local/share/texmf-texlive/tex/luatex/luatexbase/cctb.lua)
Lua module: luatexbase-cctb 2013/05/11 0.6 Catcodetable allocation for LuaTeX
\lltxb@catcodetable@alloc=\count310
\CatcodeTableStack=\count311
\CatcodeTableIniTeX=\luatexcatcodetable1
\CatcodeTableString=\luatexcatcodetable3
\CatcodeTableOther=\luatexcatcodetable5
\CatcodeTableLaTeX=\luatexcatcodetable7
\CatcodeTableLaTeXAtLetter=\luatexcatcodetable9
\CatcodeTableExpl=\luatexcatcodetable11
)
(/opt/local/share/texmf-texlive/tex/luatex/luatexbase/luatexbase-mcb.sty
Package: luatexbase-mcb 2013/05/11 v0.6 Callback management for LuaTeX

(/opt/local/share/texmf-texlive/tex/luatex/luatexbase/mcb.lua)
Lua module: luatexbase-mcb 2013/05/11 0.6 register several functions in a callba
ck
))
(/opt/local/share/texmf-texlive/tex/luatex/luaotfload/luaotfload.lua)
Lua module: luaotfload 2014/05/18 2.40005 OpenType layout system.
luaotfload: push namespace for font loader
(/opt/local/share/texmf-texlive/tex/luatex/luaotfload/luaotfload-fontloader.lua)
(using write cache: /Users/aditya/.texlive2014/texmf-var/luatex-cache/generic)(u
sing read cache: /opt/local/var/db/texmf/luatex-cache/generic /Users/aditya/.tex
live2014/texmf-var/luatex-cache/generic)
luatexbase-attr: luatexbase.attributes["luaotfload@kernpair"] = 1
luatexbase-attr: luatexbase.attributes["luaotfload@ligacomp"] = 2
luatexbase-attr: luatexbase.attributes["luaotfload@markbase"] = 3
luatexbase-attr: luatexbase.attributes["luaotfload@markmark"] = 4
luatexbase-attr: luatexbase.attributes["luaotfload@markdone"] = 5
luatexbase-attr: luatexbase.attributes["luaotfload@cursbase"] = 6
luatexbase-attr: luatexbase.attributes["luaotfload@curscurs"] = 7
luatexbase-attr: luatexbase.attributes["luaotfload@cursdone"] = 8
luatexbase-attr: luatexbase.attributes["luaotfload@state"] = 9
luaotfload: "I am using the merged version of 'luaotfload.lua' here.
luaotfload:  If you run into problems or experience unexpected
luaotfload:  behaviour, and if you have ConTeXt installed you can try
luaotfload:  to delete the file 'luaotfload-merged.lua' as I might
luaotfload:  then use the possibly updated libraries. The merged
luaotfload:  version is not supported as it is a frozen instance.
luaotfload:  Problems can be reported to the ConTeXt mailing list."
luaotfload: pop namespace from font loader -- non-destructive
luaotfload: fontloader loaded in 0.019 seconds
luatexbase-mcb: inserting 'luaotfload.node_processor'
at position 1 in 'pre_linebreak_filter'
luatexbase-mcb: inserting 'luaotfload.node_processor'
at position 1 in 'hpack_filter'
luatexbase-mcb: inserting 'luaotfload.find_vf_file'
at position 1 in 'find_vf_file'
(/opt/local/share/texmf-texlive/tex/luatex/luaotfload/luaotfload-override.lua)
(/opt/local/share/texmf-texlive/tex/luatex/luaotfload/luaotfload-loaders.lua)
(/opt/local/share/texmf-texlive/tex/luatex/luaotfload/luaotfload-database.lua)
luaotfload | db : Shell escape disabled or tput executable missing.
luaotfload | db : Assuming 79 cols terminal width.
luaotfload | db : Root cache directory is /Users/aditya/.texlive2014/texmf-var/l
uatex-cache/generic/names.
luaotfload | cache : Caching of name: lookups active.
(/opt/local/share/texmf-texlive/tex/luatex/luaotfload/luaotfload-colors.lua)
luatexbase-mcb: creating 'luaotfload.resolve_font' type 4
luatexbase-mcb: creating 'luaotfload.patch_font' type 4
luatexbase-mcb: resetting callback 'define_font'
luatexbase-mcb: inserting 'luaotfload.define_font'
at position 1 in 'define_font'
(/opt/local/share/texmf-texlive/tex/luatex/luaotfload/luaotfload-features.lua)
(/opt/local/share/texmf-texlive/tex/luatex/luaotfload/luaotfload-letterspace.lua
)
(/opt/local/share/texmf-texlive/tex/luatex/luaotfload/luaotfload-auxiliary.lua)
luatexbase-mcb: inserting 'luaotfload.aux.set_sscale_dimens'
at position 1 in 'luaotfload.patch_font'
luatexbase-mcb: inserting 'luaotfload.aux.patch_cambria_domh'
at position 2 in 'luaotfload.patch_font'
luatexbase-mcb: inserting 'luaotfload.aux.set_capheight'
at position 3 in 'luaotfload.patch_font'
luatexbase-mcb: inserting 'luaotfload.rewrite_fontname'
at position 4 in 'luaotfload.patch_font'
luaotfload | aux : start rewriting tfmdata.name field)
(/opt/local/share/texmf-texlive/tex/latex/fontspec/fontspec.lua)
Lua module: fontspec 2013/05/20 2.3c Advanced font selection for LuaLaTeX.
\l_fontspec_script_int=\count312
\l_fontspec_language_int=\count313
\l_fontspec_strnum_int=\count314
\l_fontspec_tmpa_dim=\dimen287
\l_fontspec_tmpb_dim=\dimen288
\l_fontspec_tmpc_dim=\dimen289
Variant \tl_gset:cV already defined; not changing it on line 69

(/opt/local/share/texmf-texlive/tex/latex/fontspec/fontspec-patches.sty
Package: fontspec-patches 2013/05/20 v2.3c Font selection for XeLaTeX and LuaLaT
eX

(/opt/local/share/texmf-texlive/tex/latex/base/fixltx2e.sty
Package: fixltx2e 2014/05/13 v1.1q fixes to LaTeX
LaTeX Info: Redefining \em on input line 429.
)
LaTeX Info: Redefining \em on input line 22.
LaTeX Info: Redefining \emph on input line 30.
LaTeX Info: Redefining \- on input line 33.

*************************************************
* LaTeX warning: "xparse/redefine-command"
* 
* Redefining document command \oldstylenums with arg. spec. 'm' on line 128.
*************************************************
.................................................
. LaTeX info: "xparse/define-command"
. 
. Defining document command \liningnums with arg. spec. 'm' on line 132.
.................................................
) (/opt/local/share/texmf-texlive/tex/latex/fontspec/fontspec-luatex.sty
Package: fontspec-luatex 2013/05/20 v2.3c Font selection for XeLaTeX and LuaLaTe
X

(/opt/local/share/texmf-texlive/tex/latex/base/fontenc.sty
Package: fontenc 2005/09/27 v1.99g Standard LaTeX package

(/opt/local/share/texmf-texlive/tex/latex/euenc/eu2enc.def
File: eu2enc.def 2010/05/27 v0.1h Experimental Unicode font encodings
)
LaTeX Font Info:    Try loading font information for EU2+lmr on input line 100.

(/opt/local/share/texmf-texlive/tex/latex/euenc/eu2lmr.fd
File: eu2lmr.fd 2009/10/30 v1.6 Font defs for Latin Modern
)
luaotfload | load : auto-selecting default features for script: latn
luaotfload | load : no defaults for script "latn", falling back to "dflt"
luaotfload | db : Font names database loaded(load luc: /Users/aditya/.texlive201
4/texmf-var/luatex-cache/generic/fonts/otf/lmroman10-regular.luc)) (/opt/local/
share/texmf-texlive/tex/xelatex/xunicode/xunicode.sty
File: xunicode.sty 2011/09/09 v0.981 provides access to latin accents and many o
ther characters in Unicode lower plane

(/opt/local/share/texmf-texlive/tex/latex/tipa/t3enc.def
File: t3enc.def 2001/12/31 T3 encoding
luaotfload | load : auto-selecting default features for script: latn
luaotfload | load : no defaults for script "latn", falling back to "dflt"(load l
uc: /Users/aditya/.texlive2014/texmf-var/luatex-cache/generic/fonts/otf/lmromans
lant10-regular.luc)
luaotfload | load : auto-selecting default features for script: latn
luaotfload | load : no defaults for script "latn", falling back to "dflt"(load l
uc: /Users/aditya/.texlive2014/texmf-var/luatex-cache/generic/fonts/otf/lmroman1
0-italic.luc)
luaotfload | load : auto-selecting default features for script: latn
luaotfload | load : no defaults for script "latn", falling back to "dflt"(load l
uc: /Users/aditya/.texlive2014/texmf-var/luatex-cache/generic/fonts/otf/lmroman1
0-bold.luc)
LaTeX Font Info:    Try loading font information for EU2+lmss on input line 357.


(/opt/local/share/texmf-texlive/tex/latex/euenc/eu2lmss.fd
File: eu2lmss.fd 2009/10/30 v1.6 Font defs for Latin Modern
)
luaotfload | load : auto-selecting default features for script: latn
luaotfload | load : no defaults for script "latn", falling back to "dflt"(load l
uc: /Users/aditya/.texlive2014/texmf-var/luatex-cache/generic/fonts/otf/lmsans10
-regular.luc))
\tipaTiiicode=\count315
\tipasavetokens=\toks17
\tipachecktokens=\toks18
(/opt/local/share/texmf-texlive/tex/latex/graphics/graphicx.sty
Package: graphicx 2014/04/25 v1.0g Enhanced LaTeX Graphics (DPC,SPQR)

(/opt/local/share/texmf-texlive/tex/latex/graphics/graphics.sty
Package: graphics 2009/02/05 v1.0o Standard LaTeX Graphics (DPC,SPQR)

(/opt/local/share/texmf-texlive/tex/latex/graphics/trig.sty
Package: trig 1999/03/16 v1.09 sin cos tan (DPC)
)
(/opt/local/share/texmf-texlive/tex/latex/latexconfig/graphics.cfg
File: graphics.cfg 2010/04/23 v1.9 graphics configuration of TeX Live
)
Package graphics Info: Driver file: pdftex.def on input line 91.

(/opt/local/share/texmf-texlive/tex/latex/pdftex-def/pdftex.def
File: pdftex.def 2011/05/27 v0.06d Graphics/color for pdfTeX
\Gread@gobject=\count316
))
\Gin@req@height=\dimen290
\Gin@req@width=\dimen291
))
.................................................
. LaTeX info: "xparse/define-command"
. 
. Defining document command \fontspec with arg. spec. 'O{}m' on line 44.
.................................................
.................................................
. LaTeX info: "xparse/define-command"
. 
. Defining document command \setmainfont with arg. spec. 'O{}m' on line 49.
.................................................
.................................................
. LaTeX info: "xparse/define-command"
. 
. Defining document command \setsansfont with arg. spec. 'O{}m' on line 54.
.................................................
.................................................
. LaTeX info: "xparse/define-command"
. 
. Defining document command \setmonofont with arg. spec. 'O{}m' on line 59.
.................................................
.................................................
. LaTeX info: "xparse/define-command"
. 
. Defining document command \setmathrm with arg. spec. 'O{}m' on line 68.
.................................................
.................................................
. LaTeX info: "xparse/define-command"
. 
. Defining document command \setboldmathrm with arg. spec. 'O{}m' on line 72.
.................................................
.................................................
. LaTeX info: "xparse/define-command"
. 
. Defining document command \setmathsf with arg. spec. 'O{}m' on line 76.
.................................................
.................................................
. LaTeX info: "xparse/define-command"
. 
. Defining document command \setmathtt with arg. spec. 'O{}m' on line 80.
.................................................
.................................................
. LaTeX info: "xparse/define-command"
. 
. Defining document command \newfontfamily with arg. spec. 'mO{}m' on line 99.
.................................................
.................................................
. LaTeX info: "xparse/define-command"
. 
. Defining document command \newfontface with arg. spec. 'mO{}m' on line 103.
.................................................
.................................................
. LaTeX info: "xparse/define-command"
. 
. Defining document command \defaultfontfeatures with arg. spec. 'om' on line
. 111.
.................................................
.................................................
. LaTeX info: "xparse/define-command"
. 
. Defining document command \addfontfeatures with arg. spec. 'm' on line 147.
.................................................
.................................................
. LaTeX info: "xparse/define-command"
. 
. Defining document command \newfontfeature with arg. spec. 'mm' on line 159.
.................................................
.................................................
. LaTeX info: "xparse/define-command"
. 
. Defining document command \newAATfeature with arg. spec. 'mmmm' on line 167.
.................................................
.................................................
. LaTeX info: "xparse/define-command"
. 
. Defining document command \newICUfeature with arg. spec. 'mmm' on line 175.
.................................................
.................................................
. LaTeX info: "xparse/define-command"
. 
. Defining document command \aliasfontfeature with arg. spec. 'mm' on line
. 204.
.................................................
.................................................
. LaTeX info: "xparse/define-command"
. 
. Defining document command \aliasfontfeatureoption with arg. spec. 'mmm' on
. line 206.
.................................................
.................................................
. LaTeX info: "xparse/define-command"
. 
. Defining document command \newfontscript with arg. spec. 'mm' on line 211.
.................................................
.................................................
. LaTeX info: "xparse/define-command"
. 
. Defining document command \newfontlanguage with arg. spec. 'mm' on line 238.
.................................................
.................................................
. LaTeX info: "xparse/define-command"
. 
. Defining document command \DeclareFontsExtensions with arg. spec. 'm' on
. line 259.
.................................................
Variant \prop_gput:cnV already defined; not changing it on line 586
Variant \prop_gput:cnx already defined; not changing it on line 587
\l_fontspec_tmp_int=\count317
LaTeX Info: Redefining \itshape on input line 2008.
LaTeX Info: Redefining \slshape on input line 2013.
LaTeX Info: Redefining \scshape on input line 2018.
LaTeX Info: Redefining \upshape on input line 2023.

(/opt/local/share/texmf-texlive/tex/latex/fontspec/fontspec.cfg)))
(/opt/local/share/texmf-texlive/tex/latex/psnfss/mathpazo.sty
Package: mathpazo 2005/04/12 PSNFSS-v9.2a Palatino w/ Pazo Math (D.Puga, WaS) 
\symupright=\mathgroup4
)
\g__file_internal_ior=\read1
luaotfload | load : auto-selecting default features for script: dflt(load luc: /
Users/aditya/.texlive2014/texmf-var/luatex-cache/generic/fonts/otf/texgyrepagell
a-regular.luc)
luaotfload | load : auto-selecting default features for script: dflt
luaotfload: font no 21 (TeXGyrePagella-Regular) defines feature zero for script 
latn
luaotfload: font no 21 (TeXGyrePagella-Regular) defines feature zero for script 
latn
\g_fontspec_family_TeX Gyre Pagella_int=\count318
luaotfload | load : auto-selecting default features for script: dflt
luaotfload: font no 21 (TeXGyrePagella-Regular) defines feature smcp for script 
latn with language dflt
luaotfload: font no 21 (TeXGyrePagella-Regular) defines feature smcp for script 
latn with language dflt
luaotfload | load : auto-selecting default features for script: dflt
luaotfload | load : auto-selecting default features for script: dflt(load luc: /
Users/aditya/.texlive2014/texmf-var/luatex-cache/generic/fonts/otf/texgyrepagell
a-bold.luc)
luaotfload | load : auto-selecting default features for script: dflt
luaotfload: font no 22 (TeXGyrePagella-Bold) defines feature smcp for script lat
n with language dflt
luaotfload: font no 22 (TeXGyrePagella-Bold) defines feature smcp for script lat
n with language dflt
luaotfload | load : auto-selecting default features for script: dflt
luaotfload | load : auto-selecting default features for script: dflt(load luc: /
Users/aditya/.texlive2014/texmf-var/luatex-cache/generic/fonts/otf/texgyrepagell
a-italic.luc)
luaotfload | load : auto-selecting default features for script: dflt
luaotfload: font no 23 (TeXGyrePagella-Italic) defines feature smcp for script l
atn with language dflt
luaotfload: font no 23 (TeXGyrePagella-Italic) defines feature smcp for script l
atn with language dflt
luaotfload | load : auto-selecting default features for script: dflt
luaotfload | load : auto-selecting default features for script: dflt(load luc: /
Users/aditya/.texlive2014/texmf-var/luatex-cache/generic/fonts/otf/texgyrepagell
a-bolditalic.luc)
luaotfload | load : auto-selecting default features for script: dflt
luaotfload: font no 24 (TeXGyrePagella-BoldItalic) defines feature smcp for scri
pt latn with language dflt
luaotfload: font no 24 (TeXGyrePagella-BoldItalic) defines feature smcp for scri
pt latn with language dflt
.................................................
. fontspec info: "defining-font"
. 
. Font family 'TeXGyrePagella(0)' created for font 'TeX Gyre Pagella' with
. options [Ligatures = TeX].
. 
. This font family consists of the following shapes:
. 
. * 'normal' with NFSS spec.:
. <->"TeXGyrePagella:mode=node;script=latn;language=DFLT;+tlig;+trep;"
. 
. * 'small caps' with NFSS spec.:
. <->"TeXGyrePagella:mode=node;script=latn;language=DFLT;+tlig;+trep;+smcp;"
. 
. * 'bold' with NFSS spec.:
. <->"TeXGyrePagella/B:mode=node;script=latn;language=DFLT;+tlig;+trep;"
. 
. * 'bold small caps' with NFSS spec.:
. 
. <->"TeXGyrePagella/B:mode=node;script=latn;language=DFLT;+tlig;+trep;+smcp;"
. 
. * 'italic' with NFSS spec.:
. <->"TeXGyrePagella/I:mode=node;script=latn;language=DFLT;+tlig;+trep;"
. 
. * 'italic small caps' with NFSS spec.:
. 
. <->"TeXGyrePagella/I:mode=node;script=latn;language=DFLT;+tlig;+trep;+smcp;"
. 
. * 'bold italic' with NFSS spec.:
. <->"TeXGyrePagella/BI:mode=node;script=latn;language=DFLT;+tlig;+trep;"
. 
. * 'bold italic small caps' with NFSS spec.:
. 
. <->"TeXGyrePagella/BI:mode=node;script=latn;language=DFLT;+tlig;+trep;+smcp;"
.................................................
luaotfload | load : auto-selecting default features for script: latn
luaotfload | load : no defaults for script "latn", falling back to "dflt"
luaotfload | load : auto-selecting default features for script: dflt(load luc: /
Users/aditya/.texlive2014/texmf-var/luatex-cache/generic/fonts/otf/sourcecodepro
-regular.luc)
luaotfload | load : auto-selecting default features for script: dflt
luaotfload: font no 26 (SourceCodePro-Regular) defines feature ss03 for script l
atn
luaotfload: font no 26 (SourceCodePro-Regular) defines feature ss03 for script l
atn
\g_fontspec_family_Source Code Pro_int=\count319
luaotfload | load : auto-selecting default features for script: dflt
luaotfload: font no 26 (SourceCodePro-Regular) does not define feature smcp for 
script latn with language dflt
luaotfload: no font with id 26
luaotfload | load : auto-selecting default features for script: dflt
luaotfload | load : auto-selecting default features for script: dflt(load luc: /
Users/aditya/.texlive2014/texmf-var/luatex-cache/generic/fonts/otf/sourcecodepro
-bold.luc)
luaotfload | load : auto-selecting default features for script: dflt
luaotfload: font no 27 (SourceCodePro-Bold) does not define feature smcp for scr
ipt latn with language dflt
luaotfload: no font with id 27
luaotfload | load : auto-selecting default features for script: dflt
luaotfload | load : auto-selecting default features for script: dflt(load luc: /
Users/aditya/.texlive2014/texmf-var/luatex-cache/generic/fonts/otf/sourcecodepro
-medium.luc)
luaotfload | load : auto-selecting default features for script: dflt
luaotfload: font no 28 (SourceCodePro-Medium) does not define feature smcp for s
cript latn with language dflt
luaotfload: no font with id 28
luaotfload | load : auto-selecting default features for script: dflt
luaotfload | load : auto-selecting default features for script: dflt
luaotfload | load : auto-selecting default features for script: dflt
luaotfload: font no 28 (SourceCodePro-Medium) does not define feature smcp for s
cript latn with language dflt
luaotfload: no font with id 28
.................................................
. fontspec info: "defining-font"
. 
. Font family 'SourceCodePro(0)' created for font 'Source Code Pro' with
. options [Ligatures = TeX, Scale = 0.9].
. 
. This font family consists of the following shapes:
. 
. * 'normal' with NFSS spec.:
. <->s*[0.9]"SourceCodePro:mode=node;script=latn;language=DFLT;+tlig;+trep;"
. 
. * 'bold' with NFSS spec.:
. 
. <->s*[0.9]"SourceCodePro/B:mode=node;script=latn;language=DFLT;+tlig;+trep;"
. 
. * 'italic' with NFSS spec.:
. 
. <->s*[0.9]"SourceCodePro/I:mode=node;script=latn;language=DFLT;+tlig;+trep;"
. 
. * 'bold italic' with NFSS spec.:
. 
. <->s*[0.9]"SourceCodePro/BI:mode=node;script=latn;language=DFLT;+tlig;+trep;"
.................................................
luaotfload | load : auto-selecting default features for script: dflt
luaotfload | load : auto-selecting default features for script: dflt
luaotfload: font no 26 (SourceCodePro-Regular) defines feature ss03 for script l
atn
luaotfload: font no 26 (SourceCodePro-Regular) defines feature ss03 for script l
atn
.................................................
. fontspec info: "defining-font"
. 
. Font family 'SourceCodePro(0)' created for font 'Source Code Pro' with
. options [Ligatures = TeX, Scale = 0.9].
. 
. This font family consists of the following shapes:
.................................................

(./out/supplement.aux)
LaTeX Font Info:    Checking defaults for OML/cmm/m/it on input line 28.
LaTeX Font Info:    ... okay on input line 28.
LaTeX Font Info:    Checking defaults for T1/cmr/m/n on input line 28.
LaTeX Font Info:    ... okay on input line 28.
LaTeX Font Info:    Checking defaults for OT1/cmr/m/n on input line 28.
LaTeX Font Info:    ... okay on input line 28.
LaTeX Font Info:    Checking defaults for OMS/cmsy/m/n on input line 28.
LaTeX Font Info:    ... okay on input line 28.
LaTeX Font Info:    Checking defaults for OMX/cmex/m/n on input line 28.
LaTeX Font Info:    ... okay on input line 28.
LaTeX Font Info:    Checking defaults for U/cmr/m/n on input line 28.
LaTeX Font Info:    ... okay on input line 28.
LaTeX Font Info:    Checking defaults for PD1/pdf/m/n on input line 28.
LaTeX Font Info:    ... okay on input line 28.
LaTeX Font Info:    Checking defaults for EU2/lmr/m/n on input line 28.
LaTeX Font Info:    ... okay on input line 28.
LaTeX Font Info:    Checking defaults for T3/cmr/m/n on input line 28.
LaTeX Font Info:    Try loading font information for T3+cmr on input line 28.
 (/opt/local/share/texmf-texlive/tex/latex/tipa/t3cmr.fd
File: t3cmr.fd 2001/12/31 TIPA font definitions
)
LaTeX Font Info:    ... okay on input line 28.
luaotfload | load : auto-selecting default features for script: latn
luaotfload | load : no defaults for script "latn", falling back to "dflt"
\AtBeginShipoutBox=\box271
Package hyperref Info: Link coloring OFF on input line 28.

(/opt/local/share/texmf-texlive/tex/latex/hyperref/nameref.sty
Package: nameref 2012/10/27 v2.43 Cross-referencing by name of section

(/opt/local/share/texmf-texlive/tex/generic/oberdiek/gettitlestring.sty
Package: gettitlestring 2010/12/03 v1.4 Cleanup title references (HO)
)
\c@section@level=\count320
)
LaTeX Info: Redefining \ref on input line 28.
LaTeX Info: Redefining \pageref on input line 28.
LaTeX Info: Redefining \nameref on input line 28.

(./out/supplement.out) (./out/supplement.out)
\@outlinefile=\write3
LaTeX Info: Redefining \microtypecontext on input line 28.
Package microtype Info: Generating PDF output.
Package microtype Info: Character protrusion enabled (level 2).
Package microtype Info: Using default protrusion set `alltext'.
Package microtype Info: Automatic font expansion enabled (level 2),
(microtype)             stretch: 20, shrink: 20, step: 1, non-selected.
Package microtype Info: Using default expansion set `basictext'.
Package microtype Info: Tracking enabled.
Package microtype Info: Using default tracking set `smallcaps'.
Package microtype Info: No adjustment of spacing.
Package microtype Info: No adjustment of kerning.


Package microtype Warning: Loading generic settings for font family `TeXGyrePage
lla'.
(microtype)                For optimal results, create font-specific settings.
(microtype)                See the microtype manual for details.

(/opt/local/share/texmf-texlive/tex/context/base/supp-pdf.mkii
[Loading MPS to PDF converter (version 2006.09.02).]
\scratchcounter=\count321
\scratchdimen=\dimen292
\scratchbox=\box272
\nofMPsegments=\count322
\nofMParguments=\count323
\everyMPshowfont=\toks19
\MPscratchCnt=\count324
\MPscratchDim=\dimen293
\MPnumerator=\count325
\makeMPintoPDFobject=\count326
\everyMPtoPDFconversion=\toks20
) (/opt/local/share/texmf-texlive/tex/latex/oberdiek/epstopdf-base.sty
Package: epstopdf-base 2010/02/09 v2.5 Base part for package epstopdf

(/opt/local/share/texmf-texlive/tex/latex/oberdiek/grfext.sty
Package: grfext 2010/08/19 v1.1 Manage graphics extensions (HO)
)
Package grfext Info: Graphics extension search list:
(grfext)             [.png,.pdf,.jpg,.mps,.jpeg,.jbig2,.jb2,.PNG,.PDF,.JPG,.JPEG
,.JBIG2,.JB2,.eps]
(grfext)             \AppendGraphicsExtensions on input line 452.

(/opt/local/share/texmf-texlive/tex/latex/latexconfig/epstopdf-sys.cfg
File: epstopdf-sys.cfg 2010/07/13 v1.3 Configuration of (r)epstopdf for TeX Live

))
\big@size=\dimen294
luaotfload | load : auto-selecting default features for script: latn
luaotfload | load : no defaults for script "latn", falling back to "dflt"
luaotfload | load : auto-selecting default features for script: latn
luaotfload | load : no defaults for script "latn", falling back to "dflt"
LaTeX Font Info:    Try loading font information for OT1+ppl on input line 31.

(/opt/local/share/texmf-texlive/tex/latex/psnfss/ot1ppl.fd
File: ot1ppl.fd 2001/06/04 font definitions for OT1/ppl.
)
luaotfload | load : auto-selecting default features for script: dflt
luaotfload: loading virtual font file /opt/local/share/texmf-texlive/fonts/vf/ad
obe/palatino/pplr7t.vf.
checksum mismatch in font pplr7t.vf ignored 
luaotfload | load : auto-selecting default features for script: dflt
(/Users/aditya/Library/texmf/tex/latex/microtype/mt-ppl.cfg
File: mt-ppl.cfg 2005/11/16 v1.6 microtype config. file: Palatino (RS)
)
luaotfload | load : auto-selecting default features for script: dflt
luaotfload: loading virtual font file /opt/local/share/texmf-texlive/fonts/vf/ad
obe/palatino/pplr7t.vf.
checksum mismatch in font pplr7t.vf ignored 
luaotfload | load : auto-selecting default features for script: dflt
luaotfload | load : auto-selecting default features for script: dflt
luaotfload: loading virtual font file /opt/local/share/texmf-texlive/fonts/vf/ad
obe/palatino/pplr7t.vf.
checksum mismatch in font pplr7t.vf ignored 
luaotfload | load : auto-selecting default features for script: dflt
LaTeX Font Info:    Try loading font information for OML+zplm on input line 31.

(/opt/local/share/texmf-texlive/tex/latex/psnfss/omlzplm.fd
File: omlzplm.fd 2002/09/08 Fontinst v1.914 font definitions for OML/zplm.
)
luaotfload | load : auto-selecting default features for script: dflt
luaotfload: loading virtual font file /opt/local/share/texmf-texlive/fonts/vf/pu
blic/mathpazo/zplmr7m.vf.
checksum mismatch in font zplmr7m.vf ignored 
luaotfload | load : auto-selecting default features for script: dflt
luaotfload | load : auto-selecting default features for script: dflt
luaotfload | load : auto-selecting default features for script: dflt
luaotfload | load : auto-selecting default features for script: dflt
luaotfload: loading virtual font file /opt/local/share/texmf-texlive/fonts/vf/pu
blic/mathpazo/zplmr7m.vf.
checksum mismatch in font zplmr7m.vf ignored 
luaotfload | load : auto-selecting default features for script: dflt
luaotfload | load : auto-selecting default features for script: dflt
luaotfload | load : auto-selecting default features for script: dflt
luaotfload | load : auto-selecting default features for script: dflt
luaotfload: loading virtual font file /opt/local/share/texmf-texlive/fonts/vf/pu
blic/mathpazo/zplmr7m.vf.
checksum mismatch in font zplmr7m.vf ignored 
luaotfload | load : auto-selecting default features for script: dflt
luaotfload | load : auto-selecting default features for script: dflt
luaotfload | load : auto-selecting default features for script: dflt
LaTeX Font Info:    Try loading font information for OMS+zplm on input line 31.

(/opt/local/share/texmf-texlive/tex/latex/psnfss/omszplm.fd
File: omszplm.fd 2002/09/08 Fontinst v1.914 font definitions for OMS/zplm.
)
luaotfload | load : auto-selecting default features for script: dflt
luaotfload: loading virtual font file /opt/local/share/texmf-texlive/fonts/vf/pu
blic/mathpazo/zplmr7y.vf.
checksum mismatch in font zplmr7y.vf ignored 
luaotfload | load : auto-selecting default features for script: dflt
luaotfload | load : auto-selecting default features for script: dflt
luaotfload | load : auto-selecting default features for script: dflt
luaotfload: loading virtual font file /opt/local/share/texmf-texlive/fonts/vf/pu
blic/mathpazo/zplmr7y.vf.
checksum mismatch in font zplmr7y.vf ignored 
luaotfload | load : auto-selecting default features for script: dflt
luaotfload | load : auto-selecting default features for script: dflt
luaotfload | load : auto-selecting default features for script: dflt
luaotfload: loading virtual font file /opt/local/share/texmf-texlive/fonts/vf/pu
blic/mathpazo/zplmr7y.vf.
checksum mismatch in font zplmr7y.vf ignored 
luaotfload | load : auto-selecting default features for script: dflt
luaotfload | load : auto-selecting default features for script: dflt
LaTeX Font Info:    Try loading font information for OMX+zplm on input line 31.

(/opt/local/share/texmf-texlive/tex/latex/psnfss/omxzplm.fd
File: omxzplm.fd 2002/09/08 Fontinst v1.914 font definitions for OMX/zplm.
)
luaotfload | load : auto-selecting default features for script: dflt
luaotfload: loading virtual font file /opt/local/share/texmf-texlive/fonts/vf/pu
blic/mathpazo/zplmr7v.vf.
luaotfload | load : auto-selecting default features for script: dflt
luaotfload | load : auto-selecting default features for script: dflt
luaotfload | load : auto-selecting default features for script: dflt
luaotfload | load : auto-selecting default features for script: dflt
luaotfload | load : auto-selecting default features for script: dflt
luaotfload: loading virtual font file /opt/local/share/texmf-texlive/fonts/vf/pu
blic/mathpazo/zplmr7v.vf.
luaotfload | load : auto-selecting default features for script: dflt
luaotfload | load : auto-selecting default features for script: dflt
luaotfload | load : auto-selecting default features for script: dflt
luaotfload | load : auto-selecting default features for script: dflt
luaotfload | load : auto-selecting default features for script: dflt
luaotfload: loading virtual font file /opt/local/share/texmf-texlive/fonts/vf/pu
blic/mathpazo/zplmr7v.vf.
luaotfload | load : auto-selecting default features for script: dflt
luaotfload | load : auto-selecting default features for script: dflt
luaotfload | load : auto-selecting default features for script: dflt
luaotfload | load : auto-selecting default features for script: dflt
LaTeX Font Info:    Try loading font information for OT1+zplm on input line 31.

(/opt/local/share/texmf-texlive/tex/latex/psnfss/ot1zplm.fd
File: ot1zplm.fd 2002/09/08 Fontinst v1.914 font definitions for OT1/zplm.
)
luaotfload | load : auto-selecting default features for script: dflt
luaotfload: loading virtual font file /opt/local/share/texmf-texlive/fonts/vf/pu
blic/mathpazo/zplmr7t.vf.
checksum mismatch in font zplmr7t.vf ignored 
luaotfload | load : auto-selecting default features for script: dflt

Package microtype Warning: Loading generic settings for font family `zplm'.
(microtype)                For optimal results, create font-specific settings.
(microtype)                See the microtype manual for details.

luaotfload | load : auto-selecting default features for script: dflt
luaotfload: loading virtual font file /opt/local/share/texmf-texlive/fonts/vf/pu
blic/mathpazo/zplmr7t.vf.
checksum mismatch in font zplmr7t.vf ignored 
luaotfload | load : auto-selecting default features for script: dflt
luaotfload | load : auto-selecting default features for script: dflt
luaotfload: loading virtual font file /opt/local/share/texmf-texlive/fonts/vf/pu
blic/mathpazo/zplmr7t.vf.
checksum mismatch in font zplmr7t.vf ignored 
luaotfload | load : auto-selecting default features for script: dflt
luaotfload | load : auto-selecting default features for script: latn
luaotfload | load : no defaults for script "latn", falling back to "dflt"
LaTeX Font Info:    Font shape `EU2/SourceCodePro(0)/bx/n' will be
(Font)              scaled to size 9.85492pt on input line 35.
luaotfload | load : auto-selecting default features for script: latn
luaotfload | load : no defaults for script "latn", falling back to "dflt"

Package microtype Warning: Loading generic settings for font family `SourceCodeP
ro'.
(microtype)                For optimal results, create font-specific settings.
(microtype)                See the microtype manual for details.

LaTeX Font Info:    Font shape `EU2/SourceCodePro(0)/m/n' will be
(Font)              scaled to size 9.85492pt on input line 38.
luaotfload | load : auto-selecting default features for script: latn
luaotfload | load : no defaults for script "latn", falling back to "dflt"
luaotfload | load : auto-selecting default features for script: dflt
luaotfload: loading virtual font file /opt/local/share/texmf-texlive/fonts/vf/ad
obe/palatino/pplr7t.vf.
checksum mismatch in font pplr7t.vf ignored 
luaotfload | load : auto-selecting default features for script: dflt
luaotfload | load : auto-selecting default features for script: dflt
luaotfload: loading virtual font file /opt/local/share/texmf-texlive/fonts/vf/ad
obe/palatino/pplr7t.vf.
checksum mismatch in font pplr7t.vf ignored 
luaotfload | load : auto-selecting default features for script: dflt
luaotfload | load : auto-selecting default features for script: dflt
luaotfload: loading virtual font file /opt/local/share/texmf-texlive/fonts/vf/ad
obe/palatino/pplr7t.vf.
checksum mismatch in font pplr7t.vf ignored 
luaotfload | load : auto-selecting default features for script: dflt
luaotfload | load : auto-selecting default features for script: dflt
luaotfload: loading virtual font file /opt/local/share/texmf-texlive/fonts/vf/pu
blic/mathpazo/zplmr7m.vf.
checksum mismatch in font zplmr7m.vf ignored 
luaotfload | load : auto-selecting default features for script: dflt
luaotfload | load : auto-selecting default features for script: dflt
luaotfload | load : auto-selecting default features for script: dflt
luaotfload | load : auto-selecting default features for script: dflt
luaotfload: loading virtual font file /opt/local/share/texmf-texlive/fonts/vf/pu
blic/mathpazo/zplmr7m.vf.
checksum mismatch in font zplmr7m.vf ignored 
luaotfload | load : auto-selecting default features for script: dflt
luaotfload | load : auto-selecting default features for script: dflt
luaotfload | load : auto-selecting default features for script: dflt
luaotfload | load : auto-selecting default features for script: dflt
luaotfload: loading virtual font file /opt/local/share/texmf-texlive/fonts/vf/pu
blic/mathpazo/zplmr7m.vf.
checksum mismatch in font zplmr7m.vf ignored 
luaotfload | load : auto-selecting default features for script: dflt
luaotfload | load : auto-selecting default features for script: dflt
luaotfload | load : auto-selecting default features for script: dflt
luaotfload | load : auto-selecting default features for script: dflt
luaotfload: loading virtual font file /opt/local/share/texmf-texlive/fonts/vf/pu
blic/mathpazo/zplmr7y.vf.
checksum mismatch in font zplmr7y.vf ignored 
luaotfload | load : auto-selecting default features for script: dflt
luaotfload | load : auto-selecting default features for script: dflt
luaotfload | load : auto-selecting default features for script: dflt
luaotfload: loading virtual font file /opt/local/share/texmf-texlive/fonts/vf/pu
blic/mathpazo/zplmr7y.vf.
checksum mismatch in font zplmr7y.vf ignored 
luaotfload | load : auto-selecting default features for script: dflt
luaotfload | load : auto-selecting default features for script: dflt
luaotfload | load : auto-selecting default features for script: dflt
luaotfload: loading virtual font file /opt/local/share/texmf-texlive/fonts/vf/pu
blic/mathpazo/zplmr7y.vf.
checksum mismatch in font zplmr7y.vf ignored 
luaotfload | load : auto-selecting default features for script: dflt
luaotfload | load : auto-selecting default features for script: dflt
luaotfload | load : auto-selecting default features for script: dflt
luaotfload: loading virtual font file /opt/local/share/texmf-texlive/fonts/vf/pu
blic/mathpazo/zplmr7v.vf.
luaotfload | load : auto-selecting default features for script: dflt
luaotfload | load : auto-selecting default features for script: dflt
luaotfload | load : auto-selecting default features for script: dflt
luaotfload | load : auto-selecting default features for script: dflt
luaotfload | load : auto-selecting default features for script: dflt
luaotfload: loading virtual font file /opt/local/share/texmf-texlive/fonts/vf/pu
blic/mathpazo/zplmr7v.vf.
luaotfload | load : auto-selecting default features for script: dflt
luaotfload | load : auto-selecting default features for script: dflt
luaotfload | load : auto-selecting default features for script: dflt
luaotfload | load : auto-selecting default features for script: dflt
luaotfload | load : auto-selecting default features for script: dflt
luaotfload: loading virtual font file /opt/local/share/texmf-texlive/fonts/vf/pu
blic/mathpazo/zplmr7v.vf.
luaotfload | load : auto-selecting default features for script: dflt
luaotfload | load : auto-selecting default features for script: dflt
luaotfload | load : auto-selecting default features for script: dflt
luaotfload | load : auto-selecting default features for script: dflt
luaotfload | load : auto-selecting default features for script: dflt
luaotfload: loading virtual font file /opt/local/share/texmf-texlive/fonts/vf/pu
blic/mathpazo/zplmr7t.vf.
checksum mismatch in font zplmr7t.vf ignored 
luaotfload | load : auto-selecting default features for script: dflt
luaotfload | load : auto-selecting default features for script: dflt
luaotfload: loading virtual font file /opt/local/share/texmf-texlive/fonts/vf/pu
blic/mathpazo/zplmr7t.vf.
checksum mismatch in font zplmr7t.vf ignored 
luaotfload | load : auto-selecting default features for script: dflt
luaotfload | load : auto-selecting default features for script: dflt
luaotfload: loading virtual font file /opt/local/share/texmf-texlive/fonts/vf/pu
blic/mathpazo/zplmr7t.vf.
checksum mismatch in font zplmr7t.vf ignored 
luaotfload | load : auto-selecting default features for script: dflt
Package atveryend Info: Empty hook `BeforeClearDocument' on input line 61.
 [1

{/opt/local/var/db/texmf/fonts/map/pdftex/updmap/pdftex.map}]
Package atveryend Info: Empty hook `AfterLastShipout' on input line 61.
 (./out/supplement.aux)
Package atveryend Info: Executing hook `AtVeryEndDocument' on input line 61.
Package atveryend Info: Executing hook `AtEndAfterFileList' on input line 61.
Package rerunfilecheck Info: File `supplement.out' has not changed.
(rerunfilecheck)             Checksum: <no file>.
Package atveryend Info: Empty hook `AtVeryVeryEnd' on input line 61.
)

Here is how much of LuaTeX's memory you used:
 19323 strings out of 494816
 100000,552014 words of node,token memory allocated
 315 words of node memory still in use:
   3 hlist, 1 vlist, 1 rule, 2 glue, 1 kern, 4 attribute, 43 glue_spec, 4 attrib
ute_list, 1 action, 1 write nodes
   avail lists: 2:3002,3:79,4:500,5:116,6:1107,7:8,8:8,9:52,10:84
 22335 multiletter control sequences out of 65536+600000
 130 fonts using 9043191 bytes
 48i,6n,44p,379b,331s stack positions out of 5000i,500n,10000p,200000b,100000s
{/opt/local/share/texmf-texlive/fonts/enc/dvips/base/8r.enc}</opt/local/share/te
xmf-texlive/fonts/opentype/adobe/sourcecodepro/SourceCodePro-Regular.otf></opt/l
ocal/share/texmf-texlive/fonts/opentype/adobe/sourcecodepro/SourceCodePro-Bold.o
tf></opt/local/share/texmf-texlive/fonts/opentype/public/tex-gyre/texgyrepagella
-regular.otf><</opt/local/share/texmf-texlive/fonts/type1/urw/palatino/uplri8a.p
fb>
Output written on supplement.pdf (1 page, 19324 bytes).

PDF statistics: 45 PDF objects out of 1000 (max. 8388607)
 31 compressed objects within 1 object stream
 2 named destinations out of 1000 (max. 131072)
 1 words of extra memory for PDF output out of 10000 (max. 10000000)

